<?xml version="1.0" encoding="utf-8"?><testsuites name="pytest tests"><testsuite name="pytest" errors="0" failures="0" skipped="0" tests="16" time="1.815" timestamp="2026-01-13T02:18:36.025506+00:00" hostname="agent-env-1b765160-4ead-477c-a61f-93919f3a1d72"><testcase classname="tests.test_brandslip_v2.TestHealthAndBasics" name="test_api_health" time="0.075" /><testcase classname="tests.test_brandslip_v2.TestHealthAndBasics" name="test_categories_endpoint" time="0.041" /><testcase classname="tests.test_brandslip_v2.TestDealerAuthFlow" name="test_send_otp_dealer" time="0.043" /><testcase classname="tests.test_brandslip_v2.TestDealerAuthFlow" name="test_verify_otp_dealer" time="0.078" /><testcase classname="tests.test_brandslip_v2.TestDealerAuthFlow" name="test_verify_otp_invalid" time="0.079" /><testcase classname="tests.test_brandslip_v2.TestFeedAPI" name="test_feed_api_structure" time="0.117" /><testcase classname="tests.test_brandslip_v2.TestFeedAPI" name="test_feed_api_highlight_tags" time="0.161" /><testcase classname="tests.test_brandslip_v2.TestFeedAPI" name="test_feed_api_brands" time="0.155" /><testcase classname="tests.test_brandslip_v2.TestFeedAPI" name="test_feed_api_creatives_have_variants" time="0.112" /><testcase classname="tests.test_brandslip_v2.TestDealerSlipsAPI" name="test_list_dealer_slips" time="0.112" /><testcase classname="tests.test_brandslip_v2.TestDealerSlipsAPI" name="test_get_dealer_info" time="0.120" /><testcase classname="tests.test_brandslip_v2.TestBrandsAPI" name="test_list_brands" time="0.108" /><testcase classname="tests.test_brandslip_v2.TestCreativesAPI" name="test_list_creatives" time="0.112" /><testcase classname="tests.test_brandslip_v2.TestCreativesAPI" name="test_creatives_have_highlight_tags" time="0.114" /><testcase classname="tests.test_brandslip_v2.TestSlipDesignsAPI" name="test_list_slip_designs" time="0.109" /><testcase classname="tests.test_brandslip_v2.TestDefaultSlipAPI" name="test_set_default_slip_endpoint_exists" time="0.148" /></testsuite></testsuites>